TN:
SF:src\lib\block.ts
FN:18,Block
FN:26,getHash
FN:34,isValid
FNF:3
FNH:3
FNDA:8,Block
FNDA:14,getHash
FNDA:7,isValid
DA:1,1
DA:2,1
DA:3,1
DA:4,1
DA:5,1
DA:6,1
DA:7,1
DA:8,1
DA:9,1
DA:10,1
DA:11,1
DA:12,1
DA:13,1
DA:14,1
DA:15,1
DA:16,1
DA:17,1
DA:18,1
DA:19,8
DA:20,8
DA:21,8
DA:22,8
DA:23,8
DA:24,8
DA:25,1
DA:26,1
DA:27,14
DA:28,14
DA:29,1
DA:30,1
DA:31,1
DA:32,1
DA:33,1
DA:34,1
DA:35,7
DA:36,7
DA:37,7
DA:38,7
DA:39,7
DA:40,1
DA:41,1
DA:42,1
LF:42
LH:42
BRDA:18,0,0,8
BRDA:19,1,0,1
BRDA:19,2,0,7
BRDA:19,3,0,2
BRDA:20,4,0,1
BRDA:20,5,0,7
BRDA:20,6,0,2
BRDA:21,7,0,1
BRDA:21,8,0,7
BRDA:22,9,0,1
BRDA:22,10,0,7
BRDA:22,11,0,2
BRDA:23,12,0,1
BRDA:23,13,0,7
BRDA:26,14,0,14
BRDA:34,15,0,7
BRDA:35,16,0,2
BRDA:36,17,0,5
BRDA:36,18,0,1
BRDA:37,19,0,4
BRDA:37,20,0,1
BRDA:38,21,0,3
BRDA:38,22,0,1
BRDA:39,23,0,2
BRDA:39,24,0,1
BRF:25
BRH:25
end_of_record
TN:
SF:src\lib\blockchain.ts
FN:14,Blockchain
FN:23,getLastBlock
FN:27,addBlock
FN:39,getBlock
FN:44,isValid
FNF:5
FNH:5
FNDA:7,Blockchain
FNDA:4,getLastBlock
FNDA:4,addBlock
FNDA:1,getBlock
FNDA:3,isValid
DA:1,1
DA:2,1
DA:3,1
DA:4,1
DA:5,1
DA:6,1
DA:7,1
DA:8,1
DA:9,1
DA:10,1
DA:11,1
DA:12,1
DA:13,1
DA:14,1
DA:15,7
DA:16,7
DA:17,7
DA:18,7
DA:19,7
DA:20,7
DA:21,7
DA:22,1
DA:23,1
DA:24,4
DA:25,4
DA:26,1
DA:27,1
DA:28,4
DA:29,4
DA:30,4
DA:31,4
DA:32,4
DA:33,3
DA:34,3
DA:35,3
DA:36,3
DA:37,3
DA:38,1
DA:39,1
DA:40,1
DA:41,1
DA:42,1
DA:43,1
DA:44,1
DA:45,3
DA:46,2
DA:47,2
DA:48,2
DA:49,2
DA:50,2
DA:51,2
DA:52,2
DA:53,2
DA:54,1
DA:55,1
DA:56,1
DA:57,1
DA:58,1
DA:59,1
DA:60,1
DA:61,1
DA:62,1
DA:63,1
DA:64,1
DA:65,1
DA:66,1
DA:67,1
DA:68,1
DA:69,1
DA:70,1
DA:71,1
DA:72,1
DA:73,1
DA:74,1
DA:75,1
DA:76,1
LF:76
LH:76
BRDA:14,0,0,7
BRDA:23,1,0,4
BRDA:27,2,0,4
BRDA:32,3,0,1
BRDA:33,4,0,3
BRDA:39,5,0,1
BRDA:41,6,0,1
BRDA:44,7,0,3
BRDA:45,8,0,2
BRDA:50,9,0,1
BRF:10
BRH:10
end_of_record
TN:
SF:src\lib\validation.ts
FN:14,Validation
FNF:1
FNH:1
FNDA:20,Validation
DA:1,1
DA:2,1
DA:3,1
DA:4,1
DA:5,1
DA:6,1
DA:7,1
DA:8,1
DA:9,1
DA:10,1
DA:11,1
DA:12,1
DA:13,1
DA:14,1
DA:15,20
DA:16,20
DA:17,20
DA:18,1
LF:18
LH:18
BRDA:14,0,0,20
BRF:1
BRH:1
end_of_record
TN:
SF:src\lib\server\blockchainserver.ts
FN:1,(empty-report)
FNF:1
FNH:0
FNDA:0,(empty-report)
DA:1,0
DA:2,0
DA:3,0
DA:4,0
DA:5,0
DA:6,0
DA:7,0
DA:8,0
DA:9,0
DA:10,0
DA:11,0
DA:12,0
DA:13,0
DA:14,0
DA:15,0
DA:16,0
DA:17,0
DA:18,0
DA:19,0
DA:20,0
DA:21,0
DA:22,0
DA:23,0
DA:24,0
DA:25,0
DA:26,0
DA:27,0
DA:28,0
DA:29,0
DA:30,0
DA:31,0
DA:32,0
DA:33,0
DA:34,0
DA:35,0
DA:36,0
DA:37,0
DA:38,0
DA:39,0
DA:40,0
DA:41,0
DA:42,0
DA:43,0
DA:44,0
DA:45,0
DA:46,0
DA:47,0
DA:48,0
DA:49,0
DA:50,0
LF:50
LH:0
BRDA:1,0,0,0
BRF:1
BRH:0
end_of_record
