TN:
SF:src\lib\block.ts
FN:5,Block
FN:10,isValid
FNF:2
FNH:2
FNDA:4,Block
FNDA:3,isValid
DA:1,1
DA:2,1
DA:3,1
DA:4,1
DA:5,1
DA:6,4
DA:7,4
DA:8,4
DA:9,1
DA:10,1
DA:11,3
DA:12,3
DA:13,1
DA:14,1
DA:15,1
LF:15
LH:15
BRDA:5,0,0,4
BRDA:10,1,0,3
BRDA:11,2,0,1
BRDA:12,3,0,2
BRDA:12,4,0,1
BRF:5
BRH:5
end_of_record
TN:
SF:src\lib\blockchain.ts
FN:8,Blockchain
FNF:1
FNH:1
FNDA:1,Blockchain
DA:1,1
DA:2,1
DA:3,1
DA:4,1
DA:5,1
DA:6,1
DA:7,1
DA:8,1
DA:9,1
DA:10,1
DA:11,1
DA:12,1
DA:13,1
DA:14,1
DA:15,1
DA:16,1
DA:17,1
DA:18,1
DA:19,1
DA:20,1
DA:21,1
DA:22,1
DA:23,1
DA:24,1
DA:25,1
DA:26,1
DA:27,1
DA:28,1
DA:29,1
DA:30,1
DA:31,1
DA:32,1
DA:33,1
DA:34,1
DA:35,1
LF:35
LH:35
BRDA:8,0,0,1
BRF:1
BRH:1
end_of_record
